# JRE version: OpenJDK Runtime Environment (18.0.2+9) (build 18.0.2+9-61)
# Java VM: OpenJDK 64-Bit Server VM (18.0.2+9-61, mixed mode, emulated-client, sharing, tiered, compressed oops, compressed class ptrs, g1 gc, linux-amd64)
GC Precious Log:
 CardTable entry size: 512
 Card Set container configuration: InlinePtr #cards 4 size 8 Array Of Cards #cards 16 size 48 Howl #buckets 8 coarsen threshold 3686 Howl Bitmap #cards 512 size 80 coarsen threshold 460 Card regions per heap region 1 cards per card region 4096
 CPUs: 8 total, 8 available
 Memory: 15631M
 Large Page Support: Disabled
 NUMA Support: Disabled
 Compressed Oops: Enabled (Zero based)
 Heap Region Size: 2M
 Heap Min Capacity: 8M
 Heap Initial Capacity: 246M
 Heap Max Capacity: 3908M
 Pre-touch: Disabled
 Parallel Workers: 8
 Concurrent Workers: 2
 Concurrent Refinement Workers: 8
 Periodic GC: Disabled
Heap:
 garbage-first heap   total 110592K, used 27263K [0x000000070bc00000, 0x0000000800000000)
  region size 2048K, 1 young (2048K), 0 survivors (0K)
 Metaspace       used 63035K, committed 63552K, reserved 1114112K
  class space    used 8856K, committed 9088K, reserved 1048576K
GC Heap History (20 events):
Event: 1.413 GC heap before
{Heap before GC invocations=2 (full 0):
 garbage-first heap   total 256000K, used 79289K [0x000000070bc00000, 0x0000000800000000)
  region size 2048K, 36 young (73728K), 1 survivors (2048K)
 Metaspace       used 21291K, committed 21504K, reserved 1114112K
  class space    used 2946K, committed 3072K, reserved 1048576K
}
Event: 1.427 GC heap after
{Heap after GC invocations=3 (full 0):
 garbage-first heap   total 256000K, used 13558K [0x000000070bc00000, 0x0000000800000000)
  region size 2048K, 3 young (6144K), 3 survivors (6144K)
 Metaspace       used 21291K, committed 21504K, reserved 1114112K
  class space    used 2946K, committed 3072K, reserved 1048576K
}
Event: 1.810 GC heap before
{Heap before GC invocations=4 (full 0):
 garbage-first heap   total 61440K, used 44278K [0x000000070bc00000, 0x0000000800000000)
  region size 2048K, 18 young (36864K), 3 survivors (6144K)
 Metaspace       used 26863K, committed 27136K, reserved 1114112K
  class space    used 3713K, committed 3840K, reserved 1048576K
}
Event: 1.815 GC heap after
{Heap after GC invocations=5 (full 0):
 garbage-first heap   total 61440K, used 17270K [0x000000070bc00000, 0x0000000800000000)
  region size 2048K, 2 young (4096K), 2 survivors (4096K)
 Metaspace       used 26863K, committed 27136K, reserved 1114112K
  class space    used 3713K, committed 3840K, reserved 1048576K
}
Event: 1.820 GC heap before
{Heap before GC invocations=5 (full 0):
 garbage-first heap   total 61440K, used 19318K [0x000000070bc00000, 0x0000000800000000)
  region size 2048K, 3 young (6144K), 2 survivors (4096K)
 Metaspace       used 26863K, committed 27136K, reserved 1114112K
  class space    used 3713K, committed 3840K, reserved 1048576K
}
Event: 1.823 GC heap after
{Heap after GC invocations=6 (full 0):
 garbage-first heap   total 61440K, used 17614K [0x000000070bc00000, 0x0000000800000000)
  region size 2048K, 1 young (2048K), 1 survivors (2048K)
 Metaspace       used 26863K, committed 27136K, reserved 1114112K
  class space    used 3713K, committed 3840K, reserved 1048576K
}
Event: 2.026 GC heap before
{Heap before GC invocations=6 (full 0):
 garbage-first heap   total 61440K, used 36046K [0x000000070bc00000, 0x0000000800000000)
  region size 2048K, 11 young (22528K), 1 survivors (2048K)
 Metaspace       used 30653K, committed 30976K, reserved 1114112K
  class space    used 4237K, committed 4416K, reserved 1048576K
}
Event: 2.028 GC heap after
{Heap after GC invocations=7 (full 0):
 garbage-first heap   total 61440K, used 18466K [0x000000070bc00000, 0x0000000800000000)
  region size 2048K, 1 young (2048K), 1 survivors (2048K)
 Metaspace       used 30653K, committed 30976K, reserved 1114112K
  class space    used 4237K, committed 4416K, reserved 1048576K
}
Event: 2.226 GC heap before
{Heap before GC invocations=7 (full 0):
 garbage-first heap   total 61440K, used 34850K [0x000000070bc00000, 0x0000000800000000)
  region size 2048K, 10 young (20480K), 1 survivors (2048K)
 Metaspace       used 35700K, committed 36096K, reserved 1114112K
  class space    used 4979K, committed 5184K, reserved 1048576K
}
Event: 2.228 GC heap after
{Heap after GC invocations=8 (full 0):
 garbage-first heap   total 61440K, used 19768K [0x000000070bc00000, 0x0000000800000000)
  region size 2048K, 2 young (4096K), 2 survivors (4096K)
 Metaspace       used 35700K, committed 36096K, reserved 1114112K
  class space    used 4979K, committed 5184K, reserved 1048576K
}
Event: 2.534 GC heap before
{Heap before GC invocations=9 (full 0):
 garbage-first heap   total 61440K, used 40248K [0x000000070bc00000, 0x0000000800000000)
  region size 2048K, 13 young (26624K), 2 survivors (4096K)
 Metaspace       used 43750K, committed 44160K, reserved 1114112K
  class space    used 6085K, committed 6272K, reserved 1048576K
}
Event: 2.536 GC heap after
{Heap after GC invocations=10 (full 0):
 garbage-first heap   total 61440K, used 21633K [0x000000070bc00000, 0x0000000800000000)
  region size 2048K, 2 young (4096K), 2 survivors (4096K)
 Metaspace       used 43750K, committed 44160K, reserved 1114112K
  class space    used 6085K, committed 6272K, reserved 1048576K
}
Event: 2.731 GC heap before
{Heap before GC invocations=10 (full 0):
 garbage-first heap   total 61440K, used 42113K [0x000000070bc00000, 0x0000000800000000)
  region size 2048K, 12 young (24576K), 2 survivors (4096K)
 Metaspace       used 47082K, committed 47488K, reserved 1114112K
  class space    used 6650K, committed 6848K, reserved 1048576K
}
Event: 2.736 GC heap after
{Heap after GC invocations=11 (full 0):
 garbage-first heap   total 61440K, used 22605K [0x000000070bc00000, 0x0000000800000000)
  region size 2048K, 2 young (4096K), 2 survivors (4096K)
 Metaspace       used 47082K, committed 47488K, reserved 1114112K
  class space    used 6650K, committed 6848K, reserved 1048576K
}
Event: 2.958 GC heap before
{Heap before GC invocations=11 (full 0):
 garbage-first heap   total 61440K, used 43085K [0x000000070bc00000, 0x0000000800000000)
  region size 2048K, 12 young (24576K), 2 survivors (4096K)
 Metaspace       used 50946K, committed 51392K, reserved 1114112K
  class space    used 7178K, committed 7424K, reserved 1048576K
}
Event: 2.960 GC heap after
{Heap after GC invocations=12 (full 0):
 garbage-first heap   total 157696K, used 24298K [0x000000070bc00000, 0x0000000800000000)
  region size 2048K, 2 young (4096K), 2 survivors (4096K)
 Metaspace       used 50946K, committed 51392K, reserved 1114112K
  class space    used 7178K, committed 7424K, reserved 1048576K
}
Event: 6.582 GC heap before
{Heap before GC invocations=12 (full 0):
 garbage-first heap   total 157696K, used 85738K [0x000000070bc00000, 0x0000000800000000)
  region size 2048K, 33 young (67584K), 2 survivors (4096K)
 Metaspace       used 59965K, committed 60416K, reserved 1114112K
  class space    used 8466K, committed 8704K, reserved 1048576K
}
Event: 6.604 GC heap after
{Heap after GC invocations=13 (full 0):
 garbage-first heap   total 157696K, used 30379K [0x000000070bc00000, 0x0000000800000000)
  region size 2048K, 5 young (10240K), 5 survivors (10240K)
 Metaspace       used 59965K, committed 60416K, reserved 1114112K
  class space    used 8466K, committed 8704K, reserved 1048576K
}
Event: 244.538 GC heap before
{Heap before GC invocations=14 (full 0):
 garbage-first heap   total 122880K, used 52907K [0x000000070bc00000, 0x0000000800000000)
  region size 2048K, 17 young (34816K), 5 survivors (10240K)
 Metaspace       used 63028K, committed 63552K, reserved 1114112K
  class space    used 8855K, committed 9088K, reserved 1048576K
}
Event: 244.595 GC heap after
{Heap after GC invocations=15 (full 1):
 garbage-first heap   total 110592K, used 27263K [0x000000070bc00000, 0x0000000800000000)
  region size 2048K, 0 young (0K), 0 survivors (0K)
 Metaspace       used 63028K, committed 63552K, reserved 1114112K
  class space    used 8855K, committed 9088K, reserved 1048576K
}

